<?xml version="1.0" encoding="UTF-8"?>
<testng-results skipped="0" failed="0" ignored="0" total="1" passed="1">
  <reporter-output>
  </reporter-output>
  <suite name="Default suite" duration-ms="10450" started-at="2021-09-23T11:05:13 IST" finished-at="2021-09-23T11:05:23 IST">
    <groups>
    </groups>
    <test name="Default test" duration-ms="10450" started-at="2021-09-23T11:05:13 IST" finished-at="2021-09-23T11:05:23 IST">
      <class name="Programs.Cookies1">
        <test-method status="PASS" signature="setup()[pri:0, instance:Programs.Cookies1@1efed156]" name="setup" duration-ms="10405" started-at="2021-09-23T11:05:13 IST" finished-at="2021-09-23T11:05:23 IST">
          <reporter-output>
          </reporter-output>
        </test-method> <!-- setup -->
      </class> <!-- Programs.Cookies1 -->
    </test> <!-- Default test -->
  </suite> <!-- Default suite -->
</testng-results>
